Determining if the pthread_create exist failed with the following output:
Change Dir: /home/bio/Desktop/BIHR_Nao2022/build/CMakeFiles/CMakeTmp

Run Build Command:"/usr/bin/make" "cmTC_2bd6f/fast"
/usr/bin/make -f CMakeFiles/cmTC_2bd6f.dir/build.make CMakeFiles/cmTC_2bd6f.dir/build
make[1]: Entering directory '/home/bio/Desktop/BIHR_Nao2022/build/CMakeFiles/CMakeTmp'
/usr/bin/cmake: /home/bio/pynaoqi/libssl.so.1.0.0: no version information available (required by /usr/lib/x86_64-linux-gnu/libcurl.so.4)
/usr/bin/cmake: /home/bio/pynaoqi/libssl.so.1.0.0: no version information available (required by /usr/lib/x86_64-linux-gnu/libcurl.so.4)
/usr/bin/cmake: /home/bio/pynaoqi/libssl.so.1.0.0: no version information available (required by /usr/lib/x86_64-linux-gnu/libcurl.so.4)
/usr/bin/cmake: /home/bio/pynaoqi/libcrypto.so.1.0.0: no version information available (required by /usr/lib/x86_64-linux-gnu/libcurl.so.4)
Building C object CMakeFiles/cmTC_2bd6f.dir/CheckSymbolExists.c.o
/usr/bin/cc     -o CMakeFiles/cmTC_2bd6f.dir/CheckSymbolExists.c.o   -c /home/bio/Desktop/BIHR_Nao2022/build/CMakeFiles/CMakeTmp/CheckSymbolExists.c
/usr/bin/cmake: /home/bio/pynaoqi/libssl.so.1.0.0: no version information available (required by /usr/lib/x86_64-linux-gnu/libcurl.so.4)
/usr/bin/cmake: /home/bio/pynaoqi/libssl.so.1.0.0: no version information available (required by /usr/lib/x86_64-linux-gnu/libcurl.so.4)
/usr/bin/cmake: /home/bio/pynaoqi/libssl.so.1.0.0: no version information available (required by /usr/lib/x86_64-linux-gnu/libcurl.so.4)
/usr/bin/cmake: /home/bio/pynaoqi/libcrypto.so.1.0.0: no version information available (required by /usr/lib/x86_64-linux-gnu/libcurl.so.4)
Linking C executable cmTC_2bd6f
/usr/bin/cmake -E cmake_link_script CMakeFiles/cmTC_2bd6f.dir/link.txt --verbose=1
/usr/bin/cmake: /home/bio/pynaoqi/libssl.so.1.0.0: no version information available (required by /usr/lib/x86_64-linux-gnu/libcurl.so.4)
/usr/bin/cmake: /home/bio/pynaoqi/libssl.so.1.0.0: no version information available (required by /usr/lib/x86_64-linux-gnu/libcurl.so.4)
/usr/bin/cmake: /home/bio/pynaoqi/libssl.so.1.0.0: no version information available (required by /usr/lib/x86_64-linux-gnu/libcurl.so.4)
/usr/bin/cmake: /home/bio/pynaoqi/libcrypto.so.1.0.0: no version information available (required by /usr/lib/x86_64-linux-gnu/libcurl.so.4)
/usr/bin/cc       CMakeFiles/cmTC_2bd6f.dir/CheckSymbolExists.c.o  -o cmTC_2bd6f -rdynamic 
CMakeFiles/cmTC_2bd6f.dir/CheckSymbolExists.c.o: In function `main':
CheckSymbolExists.c:(.text+0x16): undefined reference to `pthread_create'
collect2: error: ld returned 1 exit status
CMakeFiles/cmTC_2bd6f.dir/build.make:97: recipe for target 'cmTC_2bd6f' failed
make[1]: *** [cmTC_2bd6f] Error 1
make[1]: Leaving directory '/home/bio/Desktop/BIHR_Nao2022/build/CMakeFiles/CMakeTmp'
Makefile:126: recipe for target 'cmTC_2bd6f/fast' failed
make: *** [cmTC_2bd6f/fast] Error 2

File /home/bio/Desktop/BIHR_Nao2022/build/CMakeFiles/CMakeTmp/CheckSymbolExists.c:
/* */
#include <pthread.h>

int main(int argc, char** argv)
{
  (void)argv;
#ifndef pthread_create
  return ((int*)(&pthread_create))[argc];
#else
  (void)argc;
  return 0;
#endif
}

Determining if the function pthread_create exists in the pthreads failed with the following output:
Change Dir: /home/bio/Desktop/BIHR_Nao2022/build/CMakeFiles/CMakeTmp

Run Build Command:"/usr/bin/make" "cmTC_77ace/fast"
/usr/bin/make -f CMakeFiles/cmTC_77ace.dir/build.make CMakeFiles/cmTC_77ace.dir/build
make[1]: Entering directory '/home/bio/Desktop/BIHR_Nao2022/build/CMakeFiles/CMakeTmp'
/usr/bin/cmake: /home/bio/pynaoqi/libssl.so.1.0.0: no version information available (required by /usr/lib/x86_64-linux-gnu/libcurl.so.4)
/usr/bin/cmake: /home/bio/pynaoqi/libssl.so.1.0.0: no version information available (required by /usr/lib/x86_64-linux-gnu/libcurl.so.4)
/usr/bin/cmake: /home/bio/pynaoqi/libssl.so.1.0.0: no version information available (required by /usr/lib/x86_64-linux-gnu/libcurl.so.4)
/usr/bin/cmake: /home/bio/pynaoqi/libcrypto.so.1.0.0: no version information available (required by /usr/lib/x86_64-linux-gnu/libcurl.so.4)
Building C object CMakeFiles/cmTC_77ace.dir/CheckFunctionExists.c.o
/usr/bin/cc    -DCHECK_FUNCTION_EXISTS=pthread_create   -o CMakeFiles/cmTC_77ace.dir/CheckFunctionExists.c.o   -c /usr/share/cmake-3.5/Modules/CheckFunctionExists.c
/usr/bin/cmake: /home/bio/pynaoqi/libssl.so.1.0.0: no version information available (required by /usr/lib/x86_64-linux-gnu/libcurl.so.4)
/usr/bin/cmake: /home/bio/pynaoqi/libssl.so.1.0.0: no version information available (required by /usr/lib/x86_64-linux-gnu/libcurl.so.4)
/usr/bin/cmake: /home/bio/pynaoqi/libssl.so.1.0.0: no version information available (required by /usr/lib/x86_64-linux-gnu/libcurl.so.4)
/usr/bin/cmake: /home/bio/pynaoqi/libcrypto.so.1.0.0: no version information available (required by /usr/lib/x86_64-linux-gnu/libcurl.so.4)
Linking C executable cmTC_77ace
/usr/bin/cmake -E cmake_link_script CMakeFiles/cmTC_77ace.dir/link.txt --verbose=1
/usr/bin/cmake: /home/bio/pynaoqi/libssl.so.1.0.0: no version information available (required by /usr/lib/x86_64-linux-gnu/libcurl.so.4)
/usr/bin/cmake: /home/bio/pynaoqi/libssl.so.1.0.0: no version information available (required by /usr/lib/x86_64-linux-gnu/libcurl.so.4)
/usr/bin/cmake: /home/bio/pynaoqi/libssl.so.1.0.0: no version information available (required by /usr/lib/x86_64-linux-gnu/libcurl.so.4)
/usr/bin/cmake: /home/bio/pynaoqi/libcrypto.so.1.0.0: no version information available (required by /usr/lib/x86_64-linux-gnu/libcurl.so.4)
/usr/bin/cc   -DCHECK_FUNCTION_EXISTS=pthread_create    CMakeFiles/cmTC_77ace.dir/CheckFunctionExists.c.o  -o cmTC_77ace -rdynamic -lpthreads 
/usr/bin/ld: cannot find -lpthreads
collect2: error: ld returned 1 exit status
CMakeFiles/cmTC_77ace.dir/build.make:97: recipe for target 'cmTC_77ace' failed
make[1]: *** [cmTC_77ace] Error 1
make[1]: Leaving directory '/home/bio/Desktop/BIHR_Nao2022/build/CMakeFiles/CMakeTmp'
Makefile:126: recipe for target 'cmTC_77ace/fast' failed
make: *** [cmTC_77ace/fast] Error 2


